--------------- 19-12-2023, 12:08:57 ---------------
| DC v1.0.11 Rev. 272 -- x86_64-Linux-gtk2
| ArcoLinux -- GTK 2.24.33 | PID 4082
Unhandled exception: EAccessViolation: Access violation
  Stack trace:
  $00007FA6D1B32683
  $0000000000004A4A

--------------- 19-12-2023, 12:09:08 ---------------
| DC v1.0.11 Rev. 272 -- x86_64-Linux-gtk2
| ArcoLinux -- GTK 2.24.33 | PID 4082
Unhandled exception: EAccessViolation: Access violation
  Stack trace:
  $00007FA6D1B32683
  $0000000000004A4A

--------------- 19-12-2023, 12:09:12 ---------------
| DC v1.0.11 Rev. 272 -- x86_64-Linux-gtk2
| ArcoLinux -- GTK 2.24.33 | PID 4082
Unhandled exception: EAccessViolation: Access violation
  Stack trace:
  $00007FA6D1B32683
  $0000000000004A4A

--------------- 19-12-2023, 12:09:31 ---------------
| DC v1.0.11 Rev. 272 -- x86_64-Linux-gtk2
| ArcoLinux -- GTK 2.24.33 | PID 4082
Unhandled exception: EAccessViolation: Access violation
  Stack trace:
  $00007FA6D1B32683
  $0000000000004A4A

--------------- 19-12-2023, 12:09:33 ---------------
| DC v1.0.11 Rev. 272 -- x86_64-Linux-gtk2
| ArcoLinux -- GTK 2.24.33 | PID 4082
Unhandled exception: EAccessViolation: Access violation
  Stack trace:
  $00007FA6D1B32683
  $0000000000004A4A

--------------- 26-03-2024, 17:09:46 ---------------
| DC v1.1.11 beta Rev. 410 -- x86_64-Linux-qt6
| ArcoLinux -- Qt 6.6.2, libQt6Pas 6.2.1 | PID 9851
Unhandled exception: EAccessViolation: Access violation
  Stack trace:
  $00007A030ED2A1F8

--------------- 26-03-2024, 17:09:46 ---------------
| DC v1.1.11 beta Rev. 410 -- x86_64-Linux-qt6
| ArcoLinux -- Qt 6.6.2, libQt6Pas 6.2.1 | PID 9851
Unhandled exception: EAccessViolation: Access violation
  Stack trace:
  $0000000000429EFC
  $000000000091EBA7
  $00000000006543BE
  $000000000066F2C5
  $000000000064BFE0
  $000000000064BFB0
  $000000000065046F
  $000000000066F21B
  $00000000004B8C4B
  $00000000004BAE4D
  $00000000004399EB
  $00000000004B3F82

--------------- 28-03-2024, 12:07:49 ---------------
| DC v1.1.11 beta Rev. 410 -- x86_64-Linux-qt6
| ArcoLinux -- Qt 6.6.2, libQt6Pas 6.2.1 | PID 8997
Unhandled exception: EAccessViolation: Access violation
  Stack trace:
  $000074300F937E36

--------------- 21-11-2024, 19:03:30 ---------------
| DC v1.1.20 gamma Rev. 607 -- x86_64-Linux-qt6
| ArcoLinux -- Qt 6.8.0, libQt6Pas 6.2.1 | PID 18879
Unhandled exception: EAccessViolation: Access violation
  Stack trace:
  $00007984C67A89D4 in /usr/lib/qt6/plugins/platforms/../../../libwayland-client.so.0

--------------- 04-07-2025, 21:15:49 ---------------
| DC v1.1.25 gamma Rev. 754 -- x86_64-Linux-qt6
| ArcoLinux -- Qt 6.9.0 | PID 72317
Unhandled exception: EAccessViolation: Access violation
  Stack trace:
  $00007FE57832EC42 in /usr/lib/libQt6Core.so.6
  $00007FE578D80715 in /usr/lib/libQt6Gui.so.6
  $00007FE578A0066E in /usr/lib/libQt6Gui.so.6
  $00007FE5793420E0 in /usr/lib/libQt6Widgets.so.6
  $00007FE57935FF88 in /usr/lib/libQt6Widgets.so.6
  $00007FE5793441DE in /usr/lib/libQt6Widgets.so.6
  $00007FE579344485 in /usr/lib/libQt6Widgets.so.6
  $00007FE5781BFE2C in /usr/lib/libQt6Core.so.6
  $00007FE5793019A0 in /usr/lib/libQt6Widgets.so.6
  $00007FE578167558 in /usr/lib/libQt6Core.so.6
  $00007FE57816793B in /usr/lib/libQt6Core.so.6
  $00007FE57831BEC4 in /usr/lib/libQt6Core.so.6
  $00007FE57831BF6F in /usr/lib/libQt6Core.so.6
  $00007FE579B075E1 in /usr/lib/libc.so.6
  $00007FE579B076BE in /usr/lib/libc.so.6
  $00007FE579EFA6CB in /usr/lib/libX11.so.6
  $00007FE579EFD75C in /usr/lib/libX11.so.6

--------------- 04-07-2025, 21:15:49 ---------------
| DC v1.1.25 gamma Rev. 754 -- x86_64-Linux-qt6
| ArcoLinux -- Qt 6.9.0 | PID 72317
Unhandled exception: EAccessViolation: Access violation
  Stack trace:
  $00007FE5788E87A6 in /usr/lib/libQt6Gui.so.6
  $00007FE578AFFC3D in /usr/lib/libQt6Gui.so.6
  $00007FE5789317FE in /usr/lib/libQt6Gui.so.6
  $000000000081105A in /usr/lib/doublecmd/doublecmd
  $000000000061B042 in /usr/lib/doublecmd/doublecmd
  $00000000006841AF in /usr/lib/doublecmd/doublecmd
  $00000000006844A9 in /usr/lib/doublecmd/doublecmd
  $0000000000683EF2 in /usr/lib/doublecmd/doublecmd
  $0000000000685D4B in /usr/lib/doublecmd/doublecmd
  $00000000006890F9 in /usr/lib/doublecmd/doublecmd
  $00000000004399AB in /usr/lib/doublecmd/doublecmd
  $00000000004399AB in /usr/lib/doublecmd/doublecmd
  $0000000000AE4185 in /usr/lib/doublecmd/doublecmd
  $00000000004399AB in /usr/lib/doublecmd/doublecmd
  $0000000000AE35DF in /usr/lib/doublecmd/doublecmd
  $0000000000471146 in /usr/lib/doublecmd/doublecmd
  $000000000066AA29 in /usr/lib/doublecmd/doublecmd

